<?xml version="1.0" encoding="UTF-8"?>
<testng-results ignored="0" total="1" passed="1" failed="0" skipped="0">
  <reporter-output>
  </reporter-output>
  <suite started-at="2022-10-01T12:15:06 EET" name="Default Suite" finished-at="2022-10-01T12:15:11 EET" duration-ms="5535">
    <groups>
    </groups>
    <test started-at="2022-10-01T12:15:06 EET" name="RestAssuredProject" finished-at="2022-10-01T12:15:11 EET" duration-ms="5535">
      <class name="APITrial.GetAndPostExamples">
        <test-method signature="testPost()[pri:0, instance:APITrial.GetAndPostExamples@64c87930]" started-at="2022-10-01T12:15:06 EET" name="testPost" finished-at="2022-10-01T12:15:11 EET" duration-ms="5398" status="PASS">
          <reporter-output>
          </reporter-output>
        </test-method> <!-- testPost -->
      </class> <!-- APITrial.GetAndPostExamples -->
    </test> <!-- RestAssuredProject -->
  </suite> <!-- Default Suite -->
</testng-results>
